<?xml version="1.0" encoding="UTF-8"?>
<!-- Generated by org.testng.reporters.JUnitReportReporter -->
<testsuite hostname="DESKTOP-F1M7V7C" failures="0" tests="1" name="testcases.TestScripts" time="0.092" errors="0" timestamp="2022-08-15T19:35:28 IST" skipped="0">
  <testcase classname="testcases.TestScripts" name="readpropertytest" time="0.092"/>
  <system-out/>
</testsuite> <!-- testcases.TestScripts -->
