<?xml version="1.0" encoding="UTF-8"?>
<!-- Generated by org.testng.reporters.JUnitReportReporter -->
<testsuite hostname="DESKTOP-F1M7V7C" failures="0" tests="1" name="TestCases.Screenshot" time="33.935" errors="0" timestamp="2022-08-20T19:47:48 IST" skipped="0">
  <testcase classname="TestCases.Screenshot" name="login" time="33.935"/>
  <system-out/>
</testsuite> <!-- TestCases.Screenshot -->
