<?xml version="1.0" encoding="UTF-8"?>
<!-- Generated by org.testng.reporters.JUnitReportReporter -->
<testsuite hostname="DESKTOP-F1M7V7C" failures="0" tests="1" name="Test_GET" time="2.031" errors="0" timestamp="2022-10-12T23:04:47 IST" skipped="0">
  <testcase classname="Test_GET" name="test_1" time="2.031"/>
  <system-out/>
</testsuite> <!-- Test_GET -->
