<?xml version="1.0" encoding="UTF-8"?>
<!-- Generated by org.testng.reporters.JUnitReportReporter -->
<testsuite hostname="DESKTOP-F1M7V7C" failures="0" tests="1" name="Test_Post" time="1.691" errors="0" timestamp="2022-10-13T23:17:08 IST" skipped="0">
  <testcase classname="Test_Post" name="Test_Post" time="1.691"/>
  <system-out/>
</testsuite> <!-- Test_Post -->
