<?xml version="1.0" encoding="UTF-8"?>
<!-- Generated by org.testng.reporters.JUnitReportReporter -->
<testsuite hostname="DESKTOP-F1M7V7C" failures="0" tests="1" name="com.saucedemo.testcases.logintestsourcedemo" time="10.391" errors="0" timestamp="2022-08-28T13:37:39 IST" skipped="0">
  <testcase classname="com.saucedemo.testcases.logintestsourcedemo" name="loginapp" time="10.391"/>
  <system-out/>
</testsuite> <!-- com.saucedemo.testcases.logintestsourcedemo -->
