<?xml version="1.0" encoding="UTF-8"?>
<!-- Generated by org.testng.reporters.JUnitReportReporter -->
<testsuite hostname="DESKTOP-F1M7V7C" failures="0" tests="3" name="testNG.ListenersDemo" time="12.137" errors="0" timestamp="2022-11-09T00:19:03 IST" skipped="0">
  <testcase classname="testNG.ListenersDemo" name="test1" time="4.029"/>
  <system-out/>
  <testcase classname="testNG.ListenersDemo" name="test3" time="2.457"/>
  <system-out/>
  <testcase classname="testNG.ListenersDemo" name="test2" time="5.651"/>
  <system-out/>
</testsuite> <!-- testNG.ListenersDemo -->
