<?xml version="1.0" encoding="UTF-8"?>
<!-- Generated by org.testng.reporters.JUnitReportReporter -->
<testsuite hostname="DESKTOP-F1M7V7C" failures="0" tests="4" name="Getting_data_from_excel.ExcelData_using_JXL" time="73.615" errors="0" timestamp="2022-08-06T23:37:21 IST" skipped="0">
  <testcase classname="Getting_data_from_excel.ExcelData_using_JXL" name="loginwithBothCorrect" time="15.896"/>
  <system-out/>
  <testcase classname="Getting_data_from_excel.ExcelData_using_JXL" name="loginwithBothCorrect" time="19.321"/>
  <system-out/>
  <testcase classname="Getting_data_from_excel.ExcelData_using_JXL" name="loginwithBothCorrect" time="22.120"/>
  <system-out/>
  <testcase classname="Getting_data_from_excel.ExcelData_using_JXL" name="loginwithBothCorrect" time="16.278"/>
  <system-out/>
</testsuite> <!-- Getting_data_from_excel.ExcelData_using_JXL -->
