<?xml version="1.0" encoding="UTF-8"?>
<!-- Generated by org.testng.reporters.JUnitReportReporter -->
<testsuite hostname="DESKTOP-F1M7V7C" failures="0" tests="1" name="testNG.Annotations_heirarchy" time="0.022" errors="0" timestamp="2023-02-10T00:04:40 IST" skipped="0">
  <testcase classname="testNG.Annotations_heirarchy" name="test" time="0.022"/>
  <system-out/>
</testsuite> <!-- testNG.Annotations_heirarchy -->
