<?xml version="1.0" encoding="UTF-8"?>
<!-- Generated by org.testng.reporters.JUnitReportReporter -->
<testsuite hostname="DESKTOP-F1M7V7C" failures="0" tests="1" name="testNG.Assert" time="4.228" errors="0" timestamp="2022-08-13T21:42:02 IST" skipped="0">
  <testcase classname="testNG.Assert" name="checkequals" time="4.228"/>
  <system-out/>
</testsuite> <!-- testNG.Assert -->
