<?xml version="1.0" encoding="UTF-8"?>
<!-- Generated by org.testng.reporters.JUnitReportReporter -->
<testsuite hostname="DESKTOP-F1M7V7C" failures="0" tests="3" name="testNG.dependencies" time="0.009" errors="0" timestamp="2022-09-03T02:00:43 IST" skipped="0">
  <testcase classname="testNG.dependencies" name="thirdcase" time="0.001"/>
  <system-out/>
  <testcase classname="testNG.dependencies" name="secondcase" time="0.007"/>
  <system-out/>
  <testcase classname="testNG.dependencies" name="firstcase" time="0.001"/>
  <system-out/>
</testsuite> <!-- testNG.dependencies -->
