<?xml version="1.0" encoding="UTF-8"?>
<!-- Generated by org.testng.reporters.JUnitReportReporter -->
<testsuite hostname="DESKTOP-F1M7V7C" failures="0" tests="1" name="Parameters.CorrectUsername" time="13.871" errors="0" timestamp="2022-08-04T23:51:22 IST" skipped="0">
  <testcase classname="Parameters.CorrectUsername" name="loginwithCorrectUsername" time="13.871"/>
  <system-out/>
</testsuite> <!-- Parameters.CorrectUsername -->
