<?xml version="1.0" encoding="UTF-8"?>
<!-- Generated by org.testng.reporters.JUnitReportReporter -->
<testsuite hostname="DESKTOP-F1M7V7C" failures="0" tests="1" name="testNG.Firstprogram" time="0.003" errors="0" timestamp="2022-08-13T21:41:39 IST" skipped="0">
  <testcase classname="testNG.Firstprogram" name="firstcase" time="0.003"/>
  <system-out/>
</testsuite> <!-- testNG.Firstprogram -->
