<?xml version="1.0" encoding="UTF-8"?>
<!-- Generated by org.testng.reporters.JUnitReportReporter -->
<testsuite hostname="DESKTOP-F1M7V7C" failures="0" tests="2" name="Assert.Asserts" time="0.013" errors="0" timestamp="2022-12-01T15:56:22 IST" skipped="0">
  <testcase classname="Assert.Asserts" name="Hardassert" time="0.006"/>
  <system-out/>
  <testcase classname="Assert.Asserts" name="SOftAssert" time="0.007"/>
  <system-out/>
</testsuite> <!-- Assert.Asserts -->
