<?xml version="1.0" encoding="UTF-8"?>
<!-- Generated by org.testng.reporters.JUnitReportReporter -->
<testsuite hostname="DESKTOP-F1M7V7C" failures="0" tests="1" name="Screenshots.Screenshot" time="10.229" errors="0" timestamp="2022-12-10T09:56:35 IST" skipped="0">
  <testcase classname="Screenshots.Screenshot" name="Screenshot" time="10.229"/>
  <system-out/>
</testsuite> <!-- Screenshots.Screenshot -->
