<?xml version="1.0" encoding="UTF-8"?>
<!-- Generated by org.testng.reporters.JUnitReportReporter -->
<testsuite hostname="DESKTOP-F1M7V7C" failures="0" tests="1" name="Parameters.BothWrong" time="13.672" errors="0" timestamp="2022-08-04T23:51:21 IST" skipped="0">
  <testcase classname="Parameters.BothWrong" name="loginwithBothWrong" time="13.672"/>
  <system-out/>
</testsuite> <!-- Parameters.BothWrong -->
